<?xml version="1.0" encoding="UTF-8"?>
<testng-results ignored="0" total="1" passed="1" failed="0" skipped="0">
  <reporter-output>
  </reporter-output>
  <suite started-at="2021-04-08T11:29:36 IST" name="Default suite" finished-at="2021-04-08T11:30:31 IST" duration-ms="54800">
    <groups>
    </groups>
    <test started-at="2021-04-08T11:29:36 IST" name="Default test" finished-at="2021-04-08T11:30:31 IST" duration-ms="54800">
      <class name="Maven.Maven.JavaSE_test">
        <test-method signature="Login()[pri:0, instance:Maven.Maven.JavaSE_test@158d2680]" started-at="2021-04-08T11:29:36 IST" name="Login" finished-at="2021-04-08T11:30:31 IST" duration-ms="54702" status="PASS">
          <reporter-output>
          </reporter-output>
        </test-method> <!-- Login -->
      </class> <!-- Maven.Maven.JavaSE_test -->
    </test> <!-- Default test -->
  </suite> <!-- Default suite -->
</testng-results>
